0 info it worked if it ends with ok
1 verbose cli [ '/usr/local/Cellar/node/6.2.2/bin/node',
1 verbose cli   '/usr/local/bin/npm',
1 verbose cli   'publish' ]
2 info using npm@3.9.5
3 info using node@v6.2.2
4 verbose publish [ '.' ]
5 silly cache add args [ '.', null ]
6 verbose cache add spec .
7 silly cache add parsed spec Result {
7 silly cache add   raw: '.',
7 silly cache add   scope: null,
7 silly cache add   name: null,
7 silly cache add   rawSpec: '.',
7 silly cache add   spec: '/Users/yashwin/Projects/appknox/bohemia',
7 silly cache add   type: 'directory' }
8 verbose addLocalDirectory /Users/yashwin/.npm/bohemia/0.1.18/package.tgz not in flight; packing
9 verbose correctMkdir /Users/yashwin/.npm correctMkdir not in flight; initializing
10 info lifecycle bohemia@0.1.18~prepublish: bohemia@0.1.18
11 silly lifecycle bohemia@0.1.18~prepublish: no script for prepublish, continuing
12 verbose tar pack [ '/Users/yashwin/.npm/bohemia/0.1.18/package.tgz',
12 verbose tar pack   '/Users/yashwin/Projects/appknox/bohemia' ]
13 verbose tarball /Users/yashwin/.npm/bohemia/0.1.18/package.tgz
14 verbose folder /Users/yashwin/Projects/appknox/bohemia
15 verbose addLocalTarball adding from inside cache /Users/yashwin/.npm/bohemia/0.1.18/package.tgz
16 verbose correctMkdir /Users/yashwin/.npm correctMkdir not in flight; initializing
17 silly cache afterAdd bohemia@0.1.18
18 verbose afterAdd /Users/yashwin/.npm/bohemia/0.1.18/package/package.json not in flight; writing
19 verbose correctMkdir /Users/yashwin/.npm correctMkdir not in flight; initializing
20 verbose afterAdd /Users/yashwin/.npm/bohemia/0.1.18/package/package.json written
21 silly publish { name: 'bohemia',
21 silly publish   version: '0.1.18',
21 silly publish   description: 'Yet another CSS framework. Baked with goodness of SASS, Bourbon & flexbox-based grid.',
21 silly publish   main: 'index.js',
21 silly publish   scripts: { test: 'echo "Error: no test specified" && exit 1' },
21 silly publish   repository:
21 silly publish    { type: 'git',
21 silly publish      url: 'git+https://github.com/appknox/bohemia.git' },
21 silly publish   keywords: [ 'bohemia', 'flexbox', 'grid', 'css', 'framwork', 'bulma' ],
21 silly publish   author: { name: 'dhilipsiva' },
21 silly publish   license: 'MIT',
21 silly publish   bugs: { url: 'https://github.com/appknox/bohemia/issues' },
21 silly publish   homepage: 'https://github.com/appknox/bohemia#readme',
21 silly publish   gitHead: 'b9090401c264f0b97e7638d936ab392502927954',
21 silly publish   readme: '# bohemia\n\nYet another CSS framework. Baked with SASS, Bourbon &amp; flexbox-based grid.\n\n[![npm version](https://badge.fury.io/js/bohemia.svg)](https://badge.fury.io/js/bohemia)\n[![Bower version](https://badge.fury.io/bo/bohemia.svg)](https://badge.fury.io/bo/bohemia)\n[![GitHub version](https://badge.fury.io/gh/appknox%2Fbohemia.svg)](https://badge.fury.io/gh/appknox%2Fbohemia)\n\n## How To\n\n1. Clone repo\n2. run `./setup.sh`\n3. run `./watch.sh` -> which will watch for changes\n4. Open `sample.html`\n\n## Disclaimner\n\nBohemia is heavily inspired by [bulma.io](https://github.com/jgthms/bulma). A significant amout of code is borrowed from Bulma. A lot of thanks for the guys behind bulma.\n',
21 silly publish   readmeFilename: 'README.md',
21 silly publish   _id: 'bohemia@0.1.18',
21 silly publish   _shasum: '76652183b967bcded362187be705bfd71612c4c1',
21 silly publish   _from: '.' }
22 verbose getPublishConfig undefined
23 silly mapToRegistry name bohemia
24 silly mapToRegistry using default registry
25 silly mapToRegistry registry https://registry.npmjs.org/
26 silly mapToRegistry data Result {
26 silly mapToRegistry   raw: 'bohemia',
26 silly mapToRegistry   scope: null,
26 silly mapToRegistry   name: 'bohemia',
26 silly mapToRegistry   rawSpec: '',
26 silly mapToRegistry   spec: 'latest',
26 silly mapToRegistry   type: 'tag' }
27 silly mapToRegistry uri https://registry.npmjs.org/bohemia
28 verbose publish registryBase https://registry.npmjs.org/
29 silly publish uploading /Users/yashwin/.npm/bohemia/0.1.18/package.tgz
30 verbose stack Error: auth required for publishing
30 verbose stack     at CachingRegistryClient.publish (/usr/local/lib/node_modules/npm/node_modules/npm-registry-client/lib/publish.js:30:14)
30 verbose stack     at /usr/local/lib/node_modules/npm/lib/publish.js:137:14
30 verbose stack     at mapToRegistry (/usr/local/lib/node_modules/npm/lib/utils/map-to-registry.js:62:3)
30 verbose stack     at publish_ (/usr/local/lib/node_modules/npm/lib/publish.js:106:3)
30 verbose stack     at Array.<anonymous> (/usr/local/lib/node_modules/npm/node_modules/slide/lib/bind-actor.js:15:8)
30 verbose stack     at LOOP (/usr/local/lib/node_modules/npm/node_modules/slide/lib/chain.js:15:14)
30 verbose stack     at LOOP (/usr/local/lib/node_modules/npm/node_modules/slide/lib/chain.js:14:28)
30 verbose stack     at chain (/usr/local/lib/node_modules/npm/node_modules/slide/lib/chain.js:20:5)
30 verbose stack     at /usr/local/lib/node_modules/npm/lib/publish.js:72:5
30 verbose stack     at RES (/usr/local/lib/node_modules/npm/node_modules/inflight/inflight.js:23:14)
31 verbose cwd /Users/yashwin/Projects/appknox/bohemia
32 error Darwin 15.5.0
33 error argv "/usr/local/Cellar/node/6.2.2/bin/node" "/usr/local/bin/npm" "publish"
34 error node v6.2.2
35 error npm  v3.9.5
36 error code ENEEDAUTH
37 error need auth auth required for publishing
38 error need auth You need to authorize this machine using `npm adduser`
39 verbose exit [ 1, true ]
